<?xml version="1.0" encoding="windows-1251"?>
<!DOCTYPE beans PUBLIC "-//SPRING//DTD BEAN//EN" "http://www.springframework.org/dtd/spring-beans.dtd">

<beans>

    <bean id="dataSource" class="org.apache.commons.dbcp.BasicDataSource" destroy-method="close">
		<property name="driverClassName"   value="${jdbc.driverClassName}"/>
		<property name="url"               value="${jdbc.url}"/>
		<property name="username"          value="${jdbc.username}"/>
		<property name="password"          value="${jdbc.password}"/>
        <property name="defaultAutoCommit" value="${jdbc.defaultAutoCommit}"/>
        <property name="maxWait"           value="${jdbc.maxWait}"/>
	</bean>

    <bean id="nativeJdbcExtractor" class="org.springframework.jdbc.support.nativejdbc.SimpleNativeJdbcExtractor" lazy-init="true"/>

    <bean id="oracleLobHandler" class="org.springframework.jdbc.support.lob.OracleLobHandler" lazy-init="true">
      <property name="nativeJdbcExtractor"><ref local="nativeJdbcExtractor"/></property>
    </bean>

    <bean id="defaultLobHandler" class="org.springframework.jdbc.support.lob.DefaultLobHandler" lazy-init="true"/>

    <bean id="lobHandler" class="com.asv.jfotki.util.LobSelector" lazy-init="true">
        <property name="hibernateDialect" value="${hibernate.dialect}"/>
    </bean>

    <bean id="sessionFactory" class="org.springframework.orm.hibernate3.LocalSessionFactoryBean">
        <property name="mappingResources">
            <list>
                <value>com/asv/jfotki/model/Album.hbm.xml</value>
                <value>com/asv/jfotki/model/User.hbm.xml</value>
                <value>com/asv/jfotki/model/Role.hbm.xml</value>
                <value>com/asv/jfotki/model/PictureInfo.hbm.xml</value>
                <value>com/asv/jfotki/model/Picture.hbm.xml</value>
            </list>
        </property>
        <property name="hibernateProperties">
            <props>
                <prop key="hibernate.dialect">${hibernate.dialect}</prop>
                <prop key="hibernate.show_sql">true</prop>
                <prop key="hibernate.hbm2ddl.auto">update</prop>
            </props>
        </property>
        <property name="dataSource" ref="dataSource" />
        <property name="lobHandler" ref="lobHandler" />
    </bean>

	<bean id="albumDAO" class="com.asv.jfotki.business.dao.impl.hibernate.AlbumDAOImpl">
        <property name="sessionFactory" ref="sessionFactory"/>
	</bean>

    <bean id="pictureDAO" class="com.asv.jfotki.business.dao.impl.hibernate.PictureDAOImpl">
        <property name="sessionFactory" ref="sessionFactory"/>
    </bean>

    <bean id="userDAO" class="com.asv.jfotki.business.dao.impl.hibernate.UserDAOImpl">
        <property name="sessionFactory"><ref local="sessionFactory"/></property>
    </bean>

    <bean id="roleDAO" class="com.asv.jfotki.business.dao.impl.hibernate.RoleDAOImpl">
        <property name="sessionFactory" ref="sessionFactory"/>
    </bean>

    <bean id="securityDAO" class="com.asv.jfotki.business.dao.impl.hibernate.SecurityDAOImpl">
        <property name="sessionFactory" ref="sessionFactory"/>
    </bean>

    <bean id="pictureService" class="com.asv.jfotki.business.services.impl.PictureServiceImpl">
        <property name="pictureDAO" ref="pictureDAO"/>
        <property name="albumDAO"   ref="albumDAO"/>
        <property name="userDAO"    ref="userDAO"/>
    </bean>

    <bean id="userService" class="com.asv.jfotki.business.services.impl.UserServiceImpl">
		 <property name="userDAO" ref="userDAO"/>
         <property name="roleDAO" ref="roleDAO"/>
	</bean>

     <bean id="securityService" class="com.asv.jfotki.business.services.impl.SecurityServiceImpl">
        <property name="securityDAO"><ref local="securityDAO"/></property>
    </bean>

    <bean id="transactionManager" class="org.springframework.orm.hibernate3.HibernateTransactionManager">
        <property name="sessionFactory" ref="sessionFactory"/>
    </bean>

</beans>
